{"C:\\Users\\falca\\OneDrive\\Área de Trabalho\\Git\\N3_terceiro_semestre_workflow\\back_end\\app.js": {"path":"C:\\Users\\falca\\OneDrive\\Área de Trabalho\\Git\\N3_terceiro_semestre_workflow\\back_end\\app.js","statementMap":{"0":{"start":{"line":1,"column":16},"end":{"line":1,"column":34}},"1":{"start":{"line":2,"column":13},"end":{"line":2,"column":28}},"2":{"start":{"line":3,"column":12},"end":{"line":3,"column":28}},"3":{"start":{"line":4,"column":12},"end":{"line":4,"column":21}},"4":{"start":{"line":7,"column":0},"end":{"line":7,"column":24}},"5":{"start":{"line":8,"column":0},"end":{"line":8,"column":16}},"6":{"start":{"line":11,"column":0},"end":{"line":38,"column":3}},"7":{"start":{"line":12,"column":29},"end":{"line":12,"column":38}},"8":{"start":{"line":14,"column":4},"end":{"line":16,"column":5}},"9":{"start":{"line":15,"column":8},"end":{"line":15,"column":96}},"10":{"start":{"line":18,"column":18},"end":{"line":18,"column":115}},"11":{"start":{"line":20,"column":4},"end":{"line":37,"column":11}},"12":{"start":{"line":25,"column":12},"end":{"line":33,"column":13}},"13":{"start":{"line":26,"column":33},"end":{"line":26,"column":52}},"14":{"start":{"line":27,"column":16},"end":{"line":30,"column":19}},"15":{"start":{"line":32,"column":16},"end":{"line":32,"column":49}},"16":{"start":{"line":36,"column":12},"end":{"line":36,"column":95}},"17":{"start":{"line":41,"column":0},"end":{"line":60,"column":3}},"18":{"start":{"line":42,"column":21},"end":{"line":42,"column":30}},"19":{"start":{"line":44,"column":4},"end":{"line":59,"column":5}},"20":{"start":{"line":45,"column":21},"end":{"line":45,"column":38}},"21":{"start":{"line":47,"column":20},"end":{"line":47,"column":42}},"22":{"start":{"line":48,"column":8},"end":{"line":50,"column":9}},"23":{"start":{"line":49,"column":12},"end":{"line":49,"column":43}},"24":{"start":{"line":52,"column":23},"end":{"line":54,"column":25}},"25":{"start":{"line":56,"column":8},"end":{"line":56,"column":35}},"26":{"start":{"line":58,"column":8},"end":{"line":58,"column":91}},"27":{"start":{"line":63,"column":0},"end":{"line":103,"column":3}},"28":{"start":{"line":64,"column":51},"end":{"line":64,"column":59}},"29":{"start":{"line":66,"column":4},"end":{"line":68,"column":5}},"30":{"start":{"line":67,"column":8},"end":{"line":67,"column":118}},"31":{"start":{"line":70,"column":24},"end":{"line":70,"column":34}},"32":{"start":{"line":71,"column":22},"end":{"line":71,"column":46}},"33":{"start":{"line":72,"column":18},"end":{"line":72,"column":69}},"34":{"start":{"line":74,"column":4},"end":{"line":76,"column":5}},"35":{"start":{"line":75,"column":8},"end":{"line":75,"column":97}},"36":{"start":{"line":78,"column":4},"end":{"line":102,"column":5}},"37":{"start":{"line":79,"column":32},"end":{"line":79,"column":75}},"38":{"start":{"line":80,"column":23},"end":{"line":82,"column":35}},"39":{"start":{"line":84,"column":8},"end":{"line":86,"column":9}},"40":{"start":{"line":85,"column":12},"end":{"line":85,"column":91}},"41":{"start":{"line":88,"column":28},"end":{"line":91,"column":9}},"42":{"start":{"line":92,"column":8},"end":{"line":97,"column":32}},"43":{"start":{"line":99,"column":8},"end":{"line":99,"column":78}},"44":{"start":{"line":101,"column":8},"end":{"line":101,"column":93}},"45":{"start":{"line":106,"column":0},"end":{"line":129,"column":3}},"46":{"start":{"line":107,"column":15},"end":{"line":107,"column":28}},"47":{"start":{"line":108,"column":22},"end":{"line":108,"column":30}},"48":{"start":{"line":110,"column":4},"end":{"line":128,"column":5}},"49":{"start":{"line":111,"column":21},"end":{"line":111,"column":38}},"50":{"start":{"line":113,"column":29},"end":{"line":119,"column":14}},"51":{"start":{"line":121,"column":8},"end":{"line":125,"column":9}},"52":{"start":{"line":122,"column":12},"end":{"line":122,"column":85}},"53":{"start":{"line":124,"column":12},"end":{"line":124,"column":100}},"54":{"start":{"line":127,"column":8},"end":{"line":127,"column":98}},"55":{"start":{"line":132,"column":0},"end":{"line":171,"column":3}},"56":{"start":{"line":133,"column":15},"end":{"line":133,"column":28}},"57":{"start":{"line":134,"column":51},"end":{"line":134,"column":59}},"58":{"start":{"line":136,"column":4},"end":{"line":170,"column":5}},"59":{"start":{"line":137,"column":21},"end":{"line":137,"column":38}},"60":{"start":{"line":139,"column":29},"end":{"line":139,"column":31}},"61":{"start":{"line":140,"column":8},"end":{"line":140,"column":52}},"62":{"start":{"line":140,"column":18},"end":{"line":140,"column":52}},"63":{"start":{"line":141,"column":8},"end":{"line":141,"column":55}},"64":{"start":{"line":141,"column":19},"end":{"line":141,"column":55}},"65":{"start":{"line":142,"column":8},"end":{"line":142,"column":82}},"66":{"start":{"line":142,"column":28},"end":{"line":142,"column":82}},"67":{"start":{"line":143,"column":8},"end":{"line":143,"column":55}},"68":{"start":{"line":143,"column":19},"end":{"line":143,"column":55}},"69":{"start":{"line":145,"column":8},"end":{"line":147,"column":9}},"70":{"start":{"line":146,"column":12},"end":{"line":146,"column":83}},"71":{"start":{"line":149,"column":28},"end":{"line":153,"column":9}},"72":{"start":{"line":155,"column":29},"end":{"line":161,"column":31}},"73":{"start":{"line":163,"column":8},"end":{"line":167,"column":9}},"74":{"start":{"line":164,"column":12},"end":{"line":164,"column":41}},"75":{"start":{"line":166,"column":12},"end":{"line":166,"column":83}},"76":{"start":{"line":169,"column":8},"end":{"line":169,"column":98}},"77":{"start":{"line":174,"column":0},"end":{"line":174,"column":21}}},"fnMap":{"0":{"name":"(anonymous_0)","decl":{"start":{"line":11,"column":18},"end":{"line":11,"column":19}},"loc":{"start":{"line":11,"column":32},"end":{"line":38,"column":1}},"line":11},"1":{"name":"(anonymous_1)","decl":{"start":{"line":24,"column":14},"end":{"line":24,"column":15}},"loc":{"start":{"line":24,"column":24},"end":{"line":34,"column":9}},"line":24},"2":{"name":"(anonymous_2)","decl":{"start":{"line":35,"column":15},"end":{"line":35,"column":16}},"loc":{"start":{"line":35,"column":22},"end":{"line":37,"column":9}},"line":35},"3":{"name":"(anonymous_3)","decl":{"start":{"line":41,"column":19},"end":{"line":41,"column":20}},"loc":{"start":{"line":41,"column":39},"end":{"line":60,"column":1}},"line":41},"4":{"name":"(anonymous_4)","decl":{"start":{"line":63,"column":22},"end":{"line":63,"column":23}},"loc":{"start":{"line":63,"column":42},"end":{"line":103,"column":1}},"line":63},"5":{"name":"(anonymous_5)","decl":{"start":{"line":106,"column":27},"end":{"line":106,"column":28}},"loc":{"start":{"line":106,"column":47},"end":{"line":129,"column":1}},"line":106},"6":{"name":"(anonymous_6)","decl":{"start":{"line":132,"column":24},"end":{"line":132,"column":25}},"loc":{"start":{"line":132,"column":44},"end":{"line":171,"column":1}},"line":132}},"branchMap":{"0":{"loc":{"start":{"line":14,"column":4},"end":{"line":16,"column":5}},"type":"if","locations":[{"start":{"line":14,"column":4},"end":{"line":16,"column":5}},{"start":{},"end":{}}],"line":14},"1":{"loc":{"start":{"line":14,"column":8},"end":{"line":14,"column":24}},"type":"binary-expr","locations":[{"start":{"line":14,"column":8},"end":{"line":14,"column":14}},{"start":{"line":14,"column":18},"end":{"line":14,"column":24}}],"line":14},"2":{"loc":{"start":{"line":25,"column":12},"end":{"line":33,"column":13}},"type":"if","locations":[{"start":{"line":25,"column":12},"end":{"line":33,"column":13}},{"start":{"line":31,"column":19},"end":{"line":33,"column":13}}],"line":25},"3":{"loc":{"start":{"line":48,"column":8},"end":{"line":50,"column":9}},"type":"if","locations":[{"start":{"line":48,"column":8},"end":{"line":50,"column":9}},{"start":{},"end":{}}],"line":48},"4":{"loc":{"start":{"line":66,"column":4},"end":{"line":68,"column":5}},"type":"if","locations":[{"start":{"line":66,"column":4},"end":{"line":68,"column":5}},{"start":{},"end":{}}],"line":66},"5":{"loc":{"start":{"line":66,"column":8},"end":{"line":66,"column":52}},"type":"binary-expr","locations":[{"start":{"line":66,"column":8},"end":{"line":66,"column":13}},{"start":{"line":66,"column":17},"end":{"line":66,"column":23}},{"start":{"line":66,"column":27},"end":{"line":66,"column":42}},{"start":{"line":66,"column":46},"end":{"line":66,"column":52}}],"line":66},"6":{"loc":{"start":{"line":74,"column":4},"end":{"line":76,"column":5}},"type":"if","locations":[{"start":{"line":74,"column":4},"end":{"line":76,"column":5}},{"start":{},"end":{}}],"line":74},"7":{"loc":{"start":{"line":84,"column":8},"end":{"line":86,"column":9}},"type":"if","locations":[{"start":{"line":84,"column":8},"end":{"line":86,"column":9}},{"start":{},"end":{}}],"line":84},"8":{"loc":{"start":{"line":121,"column":8},"end":{"line":125,"column":9}},"type":"if","locations":[{"start":{"line":121,"column":8},"end":{"line":125,"column":9}},{"start":{"line":123,"column":15},"end":{"line":125,"column":9}}],"line":121},"9":{"loc":{"start":{"line":140,"column":8},"end":{"line":140,"column":52}},"type":"if","locations":[{"start":{"line":140,"column":8},"end":{"line":140,"column":52}},{"start":{},"end":{}}],"line":140},"10":{"loc":{"start":{"line":141,"column":8},"end":{"line":141,"column":55}},"type":"if","locations":[{"start":{"line":141,"column":8},"end":{"line":141,"column":55}},{"start":{},"end":{}}],"line":141},"11":{"loc":{"start":{"line":142,"column":8},"end":{"line":142,"column":82}},"type":"if","locations":[{"start":{"line":142,"column":8},"end":{"line":142,"column":82}},{"start":{},"end":{}}],"line":142},"12":{"loc":{"start":{"line":143,"column":8},"end":{"line":143,"column":55}},"type":"if","locations":[{"start":{"line":143,"column":8},"end":{"line":143,"column":55}},{"start":{},"end":{}}],"line":143},"13":{"loc":{"start":{"line":145,"column":8},"end":{"line":147,"column":9}},"type":"if","locations":[{"start":{"line":145,"column":8},"end":{"line":147,"column":9}},{"start":{},"end":{}}],"line":145},"14":{"loc":{"start":{"line":163,"column":8},"end":{"line":167,"column":9}},"type":"if","locations":[{"start":{"line":163,"column":8},"end":{"line":167,"column":9}},{"start":{"line":165,"column":15},"end":{"line":167,"column":9}}],"line":163}},"s":{"0":2,"1":2,"2":2,"3":2,"4":2,"5":2,"6":2,"7":8,"8":8,"9":2,"10":6,"11":6,"12":4,"13":2,"14":2,"15":2,"16":2,"17":2,"18":6,"19":6,"20":6,"21":6,"22":6,"23":4,"24":6,"25":4,"26":2,"27":2,"28":10,"29":10,"30":2,"31":8,"32":8,"33":8,"34":8,"35":2,"36":6,"37":6,"38":6,"39":4,"40":2,"41":2,"42":2,"43":2,"44":2,"45":2,"46":6,"47":6,"48":6,"49":6,"50":6,"51":4,"52":2,"53":2,"54":2,"55":2,"56":6,"57":6,"58":6,"59":6,"60":6,"61":6,"62":4,"63":6,"64":4,"65":6,"66":4,"67":6,"68":4,"69":6,"70":2,"71":4,"72":4,"73":3,"74":2,"75":1,"76":1,"77":2},"f":{"0":8,"1":4,"2":2,"3":6,"4":10,"5":6,"6":6},"b":{"0":[2,6],"1":[8,6],"2":[2,2],"3":[4,2],"4":[2,8],"5":[10,9,8,8],"6":[2,6],"7":[2,2],"8":[2,2],"9":[4,2],"10":[4,2],"11":[4,2],"12":[4,2],"13":[2,4],"14":[2,1]},"_coverageSchema":"1a1c01bbd47fc00a2c39e90264f33305004495a9","hash":"c467f35d1a84d9e48a306d8eb5c89b773bac3c85"}
}
