{"C:\\Users\\falca\\OneDrive\\Área de Trabalho\\Git\\TesteDev\\N3_terceiro_semestre_workflow\\back_end\\app.js": {"path":"C:\\Users\\falca\\OneDrive\\Área de Trabalho\\Git\\TesteDev\\N3_terceiro_semestre_workflow\\back_end\\app.js","statementMap":{"0":{"start":{"line":1,"column":16},"end":{"line":1,"column":34}},"1":{"start":{"line":2,"column":13},"end":{"line":2,"column":28}},"2":{"start":{"line":4,"column":12},"end":{"line":4,"column":21}},"3":{"start":{"line":5,"column":13},"end":{"line":5,"column":37}},"4":{"start":{"line":7,"column":0},"end":{"line":7,"column":24}},"5":{"start":{"line":8,"column":0},"end":{"line":8,"column":16}},"6":{"start":{"line":11,"column":0},"end":{"line":38,"column":3}},"7":{"start":{"line":12,"column":29},"end":{"line":12,"column":38}},"8":{"start":{"line":14,"column":4},"end":{"line":16,"column":5}},"9":{"start":{"line":15,"column":8},"end":{"line":15,"column":96}},"10":{"start":{"line":18,"column":18},"end":{"line":18,"column":115}},"11":{"start":{"line":20,"column":4},"end":{"line":37,"column":11}},"12":{"start":{"line":25,"column":12},"end":{"line":33,"column":13}},"13":{"start":{"line":26,"column":33},"end":{"line":26,"column":52}},"14":{"start":{"line":27,"column":16},"end":{"line":30,"column":19}},"15":{"start":{"line":32,"column":16},"end":{"line":32,"column":49}},"16":{"start":{"line":36,"column":12},"end":{"line":36,"column":95}},"17":{"start":{"line":40,"column":0},"end":{"line":60,"column":3}},"18":{"start":{"line":41,"column":21},"end":{"line":41,"column":30}},"19":{"start":{"line":43,"column":4},"end":{"line":59,"column":5}},"20":{"start":{"line":44,"column":21},"end":{"line":44,"column":38}},"21":{"start":{"line":45,"column":20},"end":{"line":45,"column":42}},"22":{"start":{"line":47,"column":8},"end":{"line":49,"column":9}},"23":{"start":{"line":48,"column":12},"end":{"line":48,"column":43}},"24":{"start":{"line":51,"column":23},"end":{"line":54,"column":25}},"25":{"start":{"line":56,"column":8},"end":{"line":56,"column":35}},"26":{"start":{"line":58,"column":8},"end":{"line":58,"column":91}},"27":{"start":{"line":63,"column":0},"end":{"line":103,"column":3}},"28":{"start":{"line":64,"column":51},"end":{"line":64,"column":59}},"29":{"start":{"line":66,"column":4},"end":{"line":102,"column":5}},"30":{"start":{"line":67,"column":8},"end":{"line":69,"column":9}},"31":{"start":{"line":68,"column":12},"end":{"line":68,"column":122}},"32":{"start":{"line":71,"column":28},"end":{"line":71,"column":38}},"33":{"start":{"line":72,"column":26},"end":{"line":72,"column":50}},"34":{"start":{"line":73,"column":22},"end":{"line":73,"column":73}},"35":{"start":{"line":75,"column":8},"end":{"line":77,"column":9}},"36":{"start":{"line":76,"column":12},"end":{"line":76,"column":101}},"37":{"start":{"line":79,"column":32},"end":{"line":79,"column":75}},"38":{"start":{"line":80,"column":23},"end":{"line":82,"column":35}},"39":{"start":{"line":84,"column":8},"end":{"line":86,"column":9}},"40":{"start":{"line":85,"column":12},"end":{"line":85,"column":91}},"41":{"start":{"line":88,"column":28},"end":{"line":91,"column":9}},"42":{"start":{"line":92,"column":8},"end":{"line":97,"column":32}},"43":{"start":{"line":99,"column":8},"end":{"line":99,"column":78}},"44":{"start":{"line":101,"column":8},"end":{"line":101,"column":93}},"45":{"start":{"line":106,"column":0},"end":{"line":130,"column":3}},"46":{"start":{"line":107,"column":15},"end":{"line":107,"column":28}},"47":{"start":{"line":108,"column":22},"end":{"line":108,"column":30}},"48":{"start":{"line":110,"column":4},"end":{"line":129,"column":5}},"49":{"start":{"line":111,"column":21},"end":{"line":111,"column":38}},"50":{"start":{"line":113,"column":29},"end":{"line":120,"column":14}},"51":{"start":{"line":122,"column":8},"end":{"line":126,"column":9}},"52":{"start":{"line":123,"column":12},"end":{"line":123,"column":85}},"53":{"start":{"line":125,"column":12},"end":{"line":125,"column":100}},"54":{"start":{"line":128,"column":8},"end":{"line":128,"column":98}},"55":{"start":{"line":133,"column":0},"end":{"line":173,"column":3}},"56":{"start":{"line":134,"column":15},"end":{"line":134,"column":28}},"57":{"start":{"line":135,"column":51},"end":{"line":135,"column":59}},"58":{"start":{"line":137,"column":4},"end":{"line":172,"column":5}},"59":{"start":{"line":138,"column":21},"end":{"line":138,"column":38}},"60":{"start":{"line":140,"column":29},"end":{"line":140,"column":31}},"61":{"start":{"line":141,"column":8},"end":{"line":141,"column":52}},"62":{"start":{"line":141,"column":18},"end":{"line":141,"column":52}},"63":{"start":{"line":142,"column":8},"end":{"line":142,"column":55}},"64":{"start":{"line":142,"column":19},"end":{"line":142,"column":55}},"65":{"start":{"line":143,"column":8},"end":{"line":143,"column":82}},"66":{"start":{"line":143,"column":28},"end":{"line":143,"column":82}},"67":{"start":{"line":144,"column":8},"end":{"line":144,"column":55}},"68":{"start":{"line":144,"column":19},"end":{"line":144,"column":55}},"69":{"start":{"line":146,"column":8},"end":{"line":148,"column":9}},"70":{"start":{"line":147,"column":12},"end":{"line":147,"column":83}},"71":{"start":{"line":150,"column":28},"end":{"line":154,"column":9}},"72":{"start":{"line":156,"column":29},"end":{"line":163,"column":31}},"73":{"start":{"line":165,"column":8},"end":{"line":169,"column":9}},"74":{"start":{"line":166,"column":12},"end":{"line":166,"column":41}},"75":{"start":{"line":168,"column":12},"end":{"line":168,"column":83}},"76":{"start":{"line":171,"column":8},"end":{"line":171,"column":98}},"77":{"start":{"line":175,"column":0},"end":{"line":177,"column":3}},"78":{"start":{"line":176,"column":4},"end":{"line":176,"column":58}},"79":{"start":{"line":179,"column":0},"end":{"line":179,"column":21}}},"fnMap":{"0":{"name":"(anonymous_0)","decl":{"start":{"line":11,"column":18},"end":{"line":11,"column":19}},"loc":{"start":{"line":11,"column":32},"end":{"line":38,"column":1}},"line":11},"1":{"name":"(anonymous_1)","decl":{"start":{"line":24,"column":14},"end":{"line":24,"column":15}},"loc":{"start":{"line":24,"column":24},"end":{"line":34,"column":9}},"line":24},"2":{"name":"(anonymous_2)","decl":{"start":{"line":35,"column":15},"end":{"line":35,"column":16}},"loc":{"start":{"line":35,"column":24},"end":{"line":37,"column":9}},"line":35},"3":{"name":"(anonymous_3)","decl":{"start":{"line":40,"column":19},"end":{"line":40,"column":20}},"loc":{"start":{"line":40,"column":39},"end":{"line":60,"column":1}},"line":40},"4":{"name":"(anonymous_4)","decl":{"start":{"line":63,"column":22},"end":{"line":63,"column":23}},"loc":{"start":{"line":63,"column":42},"end":{"line":103,"column":1}},"line":63},"5":{"name":"(anonymous_5)","decl":{"start":{"line":106,"column":27},"end":{"line":106,"column":28}},"loc":{"start":{"line":106,"column":47},"end":{"line":130,"column":1}},"line":106},"6":{"name":"(anonymous_6)","decl":{"start":{"line":133,"column":24},"end":{"line":133,"column":25}},"loc":{"start":{"line":133,"column":44},"end":{"line":173,"column":1}},"line":133},"7":{"name":"(anonymous_7)","decl":{"start":{"line":175,"column":17},"end":{"line":175,"column":18}},"loc":{"start":{"line":175,"column":23},"end":{"line":177,"column":1}},"line":175}},"branchMap":{"0":{"loc":{"start":{"line":5,"column":13},"end":{"line":5,"column":37}},"type":"binary-expr","locations":[{"start":{"line":5,"column":13},"end":{"line":5,"column":29}},{"start":{"line":5,"column":33},"end":{"line":5,"column":37}}],"line":5},"1":{"loc":{"start":{"line":14,"column":4},"end":{"line":16,"column":5}},"type":"if","locations":[{"start":{"line":14,"column":4},"end":{"line":16,"column":5}},{"start":{},"end":{}}],"line":14},"2":{"loc":{"start":{"line":14,"column":8},"end":{"line":14,"column":24}},"type":"binary-expr","locations":[{"start":{"line":14,"column":8},"end":{"line":14,"column":14}},{"start":{"line":14,"column":18},"end":{"line":14,"column":24}}],"line":14},"3":{"loc":{"start":{"line":25,"column":12},"end":{"line":33,"column":13}},"type":"if","locations":[{"start":{"line":25,"column":12},"end":{"line":33,"column":13}},{"start":{"line":31,"column":19},"end":{"line":33,"column":13}}],"line":25},"4":{"loc":{"start":{"line":47,"column":8},"end":{"line":49,"column":9}},"type":"if","locations":[{"start":{"line":47,"column":8},"end":{"line":49,"column":9}},{"start":{},"end":{}}],"line":47},"5":{"loc":{"start":{"line":53,"column":27},"end":{"line":53,"column":37}},"type":"binary-expr","locations":[{"start":{"line":53,"column":27},"end":{"line":53,"column":31}},{"start":{"line":53,"column":35},"end":{"line":53,"column":37}}],"line":53},"6":{"loc":{"start":{"line":67,"column":8},"end":{"line":69,"column":9}},"type":"if","locations":[{"start":{"line":67,"column":8},"end":{"line":69,"column":9}},{"start":{},"end":{}}],"line":67},"7":{"loc":{"start":{"line":67,"column":12},"end":{"line":67,"column":56}},"type":"binary-expr","locations":[{"start":{"line":67,"column":12},"end":{"line":67,"column":17}},{"start":{"line":67,"column":21},"end":{"line":67,"column":27}},{"start":{"line":67,"column":31},"end":{"line":67,"column":46}},{"start":{"line":67,"column":50},"end":{"line":67,"column":56}}],"line":67},"8":{"loc":{"start":{"line":75,"column":8},"end":{"line":77,"column":9}},"type":"if","locations":[{"start":{"line":75,"column":8},"end":{"line":77,"column":9}},{"start":{},"end":{}}],"line":75},"9":{"loc":{"start":{"line":84,"column":8},"end":{"line":86,"column":9}},"type":"if","locations":[{"start":{"line":84,"column":8},"end":{"line":86,"column":9}},{"start":{},"end":{}}],"line":84},"10":{"loc":{"start":{"line":122,"column":8},"end":{"line":126,"column":9}},"type":"if","locations":[{"start":{"line":122,"column":8},"end":{"line":126,"column":9}},{"start":{"line":124,"column":15},"end":{"line":126,"column":9}}],"line":122},"11":{"loc":{"start":{"line":141,"column":8},"end":{"line":141,"column":52}},"type":"if","locations":[{"start":{"line":141,"column":8},"end":{"line":141,"column":52}},{"start":{},"end":{}}],"line":141},"12":{"loc":{"start":{"line":142,"column":8},"end":{"line":142,"column":55}},"type":"if","locations":[{"start":{"line":142,"column":8},"end":{"line":142,"column":55}},{"start":{},"end":{}}],"line":142},"13":{"loc":{"start":{"line":143,"column":8},"end":{"line":143,"column":82}},"type":"if","locations":[{"start":{"line":143,"column":8},"end":{"line":143,"column":82}},{"start":{},"end":{}}],"line":143},"14":{"loc":{"start":{"line":144,"column":8},"end":{"line":144,"column":55}},"type":"if","locations":[{"start":{"line":144,"column":8},"end":{"line":144,"column":55}},{"start":{},"end":{}}],"line":144},"15":{"loc":{"start":{"line":146,"column":8},"end":{"line":148,"column":9}},"type":"if","locations":[{"start":{"line":146,"column":8},"end":{"line":148,"column":9}},{"start":{},"end":{}}],"line":146},"16":{"loc":{"start":{"line":159,"column":27},"end":{"line":159,"column":37}},"type":"binary-expr","locations":[{"start":{"line":159,"column":27},"end":{"line":159,"column":31}},{"start":{"line":159,"column":35},"end":{"line":159,"column":37}}],"line":159},"17":{"loc":{"start":{"line":160,"column":28},"end":{"line":160,"column":39}},"type":"binary-expr","locations":[{"start":{"line":160,"column":28},"end":{"line":160,"column":33}},{"start":{"line":160,"column":37},"end":{"line":160,"column":39}}],"line":160},"18":{"loc":{"start":{"line":161,"column":37},"end":{"line":161,"column":57}},"type":"binary-expr","locations":[{"start":{"line":161,"column":37},"end":{"line":161,"column":51}},{"start":{"line":161,"column":55},"end":{"line":161,"column":57}}],"line":161},"19":{"loc":{"start":{"line":162,"column":28},"end":{"line":162,"column":39}},"type":"binary-expr","locations":[{"start":{"line":162,"column":28},"end":{"line":162,"column":33}},{"start":{"line":162,"column":37},"end":{"line":162,"column":39}}],"line":162},"20":{"loc":{"start":{"line":165,"column":8},"end":{"line":169,"column":9}},"type":"if","locations":[{"start":{"line":165,"column":8},"end":{"line":169,"column":9}},{"start":{"line":167,"column":15},"end":{"line":169,"column":9}}],"line":165}},"s":{"0":1,"1":1,"2":1,"3":1,"4":1,"5":1,"6":1,"7":4,"8":4,"9":1,"10":3,"11":3,"12":2,"13":1,"14":1,"15":1,"16":1,"17":1,"18":3,"19":3,"20":3,"21":3,"22":3,"23":2,"24":3,"25":2,"26":1,"27":1,"28":5,"29":5,"30":5,"31":1,"32":4,"33":4,"34":4,"35":4,"36":1,"37":3,"38":3,"39":2,"40":1,"41":1,"42":1,"43":1,"44":1,"45":1,"46":3,"47":3,"48":3,"49":3,"50":3,"51":2,"52":1,"53":1,"54":1,"55":1,"56":4,"57":4,"58":4,"59":4,"60":4,"61":4,"62":3,"63":4,"64":3,"65":4,"66":3,"67":4,"68":3,"69":4,"70":1,"71":3,"72":3,"73":2,"74":1,"75":1,"76":1,"77":1,"78":1,"79":1},"f":{"0":4,"1":2,"2":1,"3":3,"4":5,"5":3,"6":4,"7":1},"b":{"0":[1,1],"1":[1,3],"2":[4,3],"3":[1,1],"4":[2,1],"5":[3,1],"6":[1,4],"7":[5,5,4,4],"8":[1,3],"9":[1,1],"10":[1,1],"11":[3,1],"12":[3,1],"13":[3,1],"14":[3,1],"15":[1,3],"16":[3,0],"17":[3,0],"18":[3,0],"19":[3,0],"20":[1,1]},"_coverageSchema":"1a1c01bbd47fc00a2c39e90264f33305004495a9","hash":"85954024c00af981d552bf03b51f7a94c27ec87c"}
}
