TN:
SF:app.js
FN:9,(anonymous_0)
FN:21,(anonymous_1)
FN:32,(anonymous_2)
FN:38,(anonymous_3)
FN:63,(anonymous_4)
FN:112,(anonymous_5)
FN:139,(anonymous_6)
FNF:7
FNH:7
FNDA:4,(anonymous_0)
FNDA:2,(anonymous_1)
FNDA:1,(anonymous_2)
FNDA:3,(anonymous_3)
FNDA:5,(anonymous_4)
FNDA:3,(anonymous_5)
FNDA:4,(anonymous_6)
DA:1,1
DA:2,1
DA:4,1
DA:5,1
DA:6,1
DA:9,1
DA:10,4
DA:13,4
DA:14,1
DA:17,3
DA:19,3
DA:22,2
DA:23,1
DA:24,1
DA:29,1
DA:33,1
DA:38,1
DA:39,3
DA:41,3
DA:42,3
DA:44,3
DA:46,3
DA:48,2
DA:51,3
DA:56,2
DA:58,1
DA:63,1
DA:64,5
DA:66,5
DA:68,5
DA:69,1
DA:73,4
DA:74,4
DA:75,4
DA:78,4
DA:79,1
DA:83,3
DA:84,3
DA:88,2
DA:89,1
DA:93,1
DA:97,1
DA:105,1
DA:107,1
DA:112,1
DA:113,3
DA:114,3
DA:116,3
DA:117,3
DA:119,3
DA:128,2
DA:129,1
DA:131,1
DA:134,1
DA:139,1
DA:140,4
DA:141,4
DA:143,4
DA:144,4
DA:147,4
DA:148,4
DA:149,4
DA:150,4
DA:151,4
DA:154,4
DA:155,1
DA:158,3
DA:164,3
DA:173,2
DA:174,1
DA:176,1
DA:179,1
DA:184,1
LF:73
LH:73
BRDA:13,0,0,1
BRDA:13,0,1,3
BRDA:13,1,0,4
BRDA:13,1,1,3
BRDA:22,2,0,1
BRDA:22,2,1,1
BRDA:46,3,0,2
BRDA:46,3,1,1
BRDA:68,4,0,1
BRDA:68,4,1,4
BRDA:68,5,0,5
BRDA:68,5,1,5
BRDA:68,5,2,4
BRDA:68,5,3,4
BRDA:78,6,0,1
BRDA:78,6,1,3
BRDA:88,7,0,1
BRDA:88,7,1,1
BRDA:128,8,0,1
BRDA:128,8,1,1
BRDA:148,9,0,3
BRDA:148,9,1,1
BRDA:149,10,0,3
BRDA:149,10,1,1
BRDA:150,11,0,3
BRDA:150,11,1,1
BRDA:151,12,0,3
BRDA:151,12,1,1
BRDA:154,13,0,1
BRDA:154,13,1,3
BRDA:173,14,0,1
BRDA:173,14,1,1
BRF:32
BRH:32
end_of_record
