TN:
SF:app.js
FN:11,(anonymous_0)
FN:24,(anonymous_1)
FN:35,(anonymous_2)
FN:41,(anonymous_3)
FN:63,(anonymous_4)
FN:106,(anonymous_5)
FN:132,(anonymous_6)
FNF:7
FNH:7
FNDA:4,(anonymous_0)
FNDA:2,(anonymous_1)
FNDA:1,(anonymous_2)
FNDA:3,(anonymous_3)
FNDA:5,(anonymous_4)
FNDA:3,(anonymous_5)
FNDA:4,(anonymous_6)
DA:1,1
DA:2,1
DA:3,1
DA:4,1
DA:7,1
DA:8,1
DA:11,1
DA:12,4
DA:14,4
DA:15,1
DA:18,3
DA:20,3
DA:25,2
DA:26,1
DA:27,1
DA:32,1
DA:36,1
DA:41,1
DA:42,3
DA:44,3
DA:45,3
DA:47,3
DA:48,3
DA:49,2
DA:52,3
DA:56,2
DA:58,1
DA:63,1
DA:64,5
DA:66,5
DA:67,1
DA:70,4
DA:71,4
DA:72,4
DA:74,4
DA:75,1
DA:78,3
DA:79,3
DA:80,3
DA:84,2
DA:85,1
DA:88,1
DA:92,1
DA:99,1
DA:101,1
DA:106,1
DA:107,3
DA:108,3
DA:110,3
DA:111,3
DA:113,3
DA:121,2
DA:122,1
DA:124,1
DA:127,1
DA:132,1
DA:133,4
DA:134,4
DA:136,4
DA:137,4
DA:139,4
DA:140,4
DA:141,4
DA:142,4
DA:143,4
DA:145,4
DA:146,1
DA:149,3
DA:155,3
DA:163,2
DA:164,1
DA:166,1
DA:169,1
DA:174,1
LF:74
LH:74
BRDA:14,0,0,1
BRDA:14,0,1,3
BRDA:14,1,0,4
BRDA:14,1,1,3
BRDA:25,2,0,1
BRDA:25,2,1,1
BRDA:48,3,0,2
BRDA:48,3,1,1
BRDA:66,4,0,1
BRDA:66,4,1,4
BRDA:66,5,0,5
BRDA:66,5,1,5
BRDA:66,5,2,4
BRDA:66,5,3,4
BRDA:74,6,0,1
BRDA:74,6,1,3
BRDA:84,7,0,1
BRDA:84,7,1,1
BRDA:121,8,0,1
BRDA:121,8,1,1
BRDA:140,9,0,3
BRDA:140,9,1,1
BRDA:141,10,0,3
BRDA:141,10,1,1
BRDA:142,11,0,3
BRDA:142,11,1,1
BRDA:143,12,0,3
BRDA:143,12,1,1
BRDA:145,13,0,1
BRDA:145,13,1,3
BRDA:163,14,0,1
BRDA:163,14,1,1
BRF:32
BRH:32
end_of_record
