TN:
SF:app.js
FN:12,(anonymous_0)
FN:25,(anonymous_1)
FN:36,(anonymous_2)
FN:42,(anonymous_3)
FN:64,(anonymous_4)
FN:107,(anonymous_5)
FN:133,(anonymous_6)
FNF:7
FNH:7
FNDA:8,(anonymous_0)
FNDA:4,(anonymous_1)
FNDA:2,(anonymous_2)
FNDA:6,(anonymous_3)
FNDA:10,(anonymous_4)
FNDA:6,(anonymous_5)
FNDA:6,(anonymous_6)
DA:1,2
DA:2,2
DA:3,2
DA:5,2
DA:6,2
DA:8,2
DA:9,2
DA:12,2
DA:13,8
DA:15,8
DA:16,2
DA:19,6
DA:21,6
DA:26,4
DA:27,2
DA:28,2
DA:33,2
DA:37,2
DA:42,2
DA:43,6
DA:45,6
DA:46,6
DA:48,6
DA:49,6
DA:50,4
DA:53,6
DA:57,4
DA:59,2
DA:64,2
DA:65,10
DA:67,10
DA:68,2
DA:71,8
DA:72,8
DA:73,8
DA:75,8
DA:76,2
DA:79,6
DA:80,6
DA:81,6
DA:85,4
DA:86,2
DA:89,2
DA:93,2
DA:100,2
DA:102,2
DA:107,2
DA:108,6
DA:109,6
DA:111,6
DA:112,6
DA:114,6
DA:122,4
DA:123,2
DA:125,2
DA:128,2
DA:133,2
DA:134,6
DA:135,6
DA:137,6
DA:138,6
DA:140,6
DA:141,6
DA:142,6
DA:143,6
DA:144,6
DA:146,6
DA:147,2
DA:150,4
DA:156,4
DA:164,3
DA:165,2
DA:167,1
DA:170,1
DA:175,2
LF:75
LH:75
BRDA:15,0,0,2
BRDA:15,0,1,6
BRDA:15,1,0,8
BRDA:15,1,1,6
BRDA:26,2,0,2
BRDA:26,2,1,2
BRDA:49,3,0,4
BRDA:49,3,1,2
BRDA:67,4,0,2
BRDA:67,4,1,8
BRDA:67,5,0,10
BRDA:67,5,1,9
BRDA:67,5,2,8
BRDA:67,5,3,8
BRDA:75,6,0,2
BRDA:75,6,1,6
BRDA:85,7,0,2
BRDA:85,7,1,2
BRDA:122,8,0,2
BRDA:122,8,1,2
BRDA:141,9,0,4
BRDA:141,9,1,2
BRDA:142,10,0,4
BRDA:142,10,1,2
BRDA:143,11,0,4
BRDA:143,11,1,2
BRDA:144,12,0,4
BRDA:144,12,1,2
BRDA:146,13,0,2
BRDA:146,13,1,4
BRDA:164,14,0,2
BRDA:164,14,1,1
BRF:32
BRH:32
end_of_record
